# JRE version: Java(TM) SE Runtime Environment (18.0.2.1+1) (build 18.0.2.1+1-1)
# Java VM: Java HotSpot(TM) 64-Bit Server VM (18.0.2.1+1-1, mixed mode, sharing, tiered, compressed oops, compressed class ptrs, g1 gc, windows-amd64)
GC Precious Log:
 CardTable entry size: 512
 Card Set container configuration: InlinePtr #cards 5 size 8 Array Of Cards #cards 12 size 40 Howl #buckets 4 coarsen threshold 1843 Howl Bitmap #cards 512 size 80 coarsen threshold 460 Card regions per heap region 1 cards per card region 2048
 CPUs: 4 total, 4 available
 Memory: 3930M
 Large Page Support: Disabled
 NUMA Support: Disabled
 Compressed Oops: Enabled (32-bit)
 Heap Region Size: 1M
 Heap Min Capacity: 8M
 Heap Initial Capacity: 62M
 Heap Max Capacity: 984M
 Pre-touch: Disabled
 Parallel Workers: 4
 Concurrent Workers: 1
 Concurrent Refinement Workers: 4
 Periodic GC: Disabled
Heap:
 garbage-first heap   total 168960K, used 132520K [0x00000000c2800000, 0x0000000100000000)
  region size 1024K, 49 young (50176K), 1 survivors (1024K)
 Metaspace       used 62084K, committed 62912K, reserved 1114112K
  class space    used 7000K, committed 7424K, reserved 1048576K
GC Heap History (20 events):
Event: 47.630 GC heap before
{Heap before GC invocations=46 (full 0):
 garbage-first heap   total 168960K, used 91718K [0x00000000c2800000, 0x0000000100000000)
  region size 1024K, 8 young (8192K), 1 survivors (1024K)
 Metaspace       used 62005K, committed 62848K, reserved 1114112K
  class space    used 7000K, committed 7424K, reserved 1048576K
}
Event: 47.634 GC heap after
{Heap after GC invocations=47 (full 0):
 garbage-first heap   total 168960K, used 84276K [0x00000000c2800000, 0x0000000100000000)
  region size 1024K, 1 young (1024K), 1 survivors (1024K)
 Metaspace       used 62005K, committed 62848K, reserved 1114112K
  class space    used 7000K, committed 7424K, reserved 1048576K
}
Event: 48.200 GC heap before
{Heap before GC invocations=47 (full 0):
 garbage-first heap   total 168960K, used 145716K [0x00000000c2800000, 0x0000000100000000)
  region size 1024K, 61 young (62464K), 1 survivors (1024K)
 Metaspace       used 62005K, committed 62848K, reserved 1114112K
  class space    used 7000K, committed 7424K, reserved 1048576K
}
Event: 48.204 GC heap after
{Heap after GC invocations=48 (full 0):
 garbage-first heap   total 168960K, used 84294K [0x00000000c2800000, 0x0000000100000000)
  region size 1024K, 1 young (1024K), 1 survivors (1024K)
 Metaspace       used 62005K, committed 62848K, reserved 1114112K
  class space    used 7000K, committed 7424K, reserved 1048576K
}
Event: 48.481 GC heap before
{Heap before GC invocations=48 (full 0):
 garbage-first heap   total 168960K, used 146758K [0x00000000c2800000, 0x0000000100000000)
  region size 1024K, 62 young (63488K), 1 survivors (1024K)
 Metaspace       used 62005K, committed 62848K, reserved 1114112K
  class space    used 7000K, committed 7424K, reserved 1048576K
}
Event: 48.488 GC heap after
{Heap after GC invocations=49 (full 0):
 garbage-first heap   total 168960K, used 84313K [0x00000000c2800000, 0x0000000100000000)
  region size 1024K, 1 young (1024K), 1 survivors (1024K)
 Metaspace       used 62005K, committed 62848K, reserved 1114112K
  class space    used 7000K, committed 7424K, reserved 1048576K
}
Event: 48.702 GC heap before
{Heap before GC invocations=49 (full 0):
 garbage-first heap   total 168960K, used 146777K [0x00000000c2800000, 0x0000000100000000)
  region size 1024K, 62 young (63488K), 1 survivors (1024K)
 Metaspace       used 62005K, committed 62848K, reserved 1114112K
  class space    used 7000K, committed 7424K, reserved 1048576K
}
Event: 48.704 GC heap after
{Heap after GC invocations=50 (full 0):
 garbage-first heap   total 168960K, used 84331K [0x00000000c2800000, 0x0000000100000000)
  region size 1024K, 1 young (1024K), 1 survivors (1024K)
 Metaspace       used 62005K, committed 62848K, reserved 1114112K
  class space    used 7000K, committed 7424K, reserved 1048576K
}
Event: 49.032 GC heap before
{Heap before GC invocations=50 (full 0):
 garbage-first heap   total 168960K, used 147819K [0x00000000c2800000, 0x0000000100000000)
  region size 1024K, 63 young (64512K), 1 survivors (1024K)
 Metaspace       used 62023K, committed 62848K, reserved 1114112K
  class space    used 7000K, committed 7424K, reserved 1048576K
}
Event: 49.034 GC heap after
{Heap after GC invocations=51 (full 0):
 garbage-first heap   total 168960K, used 84576K [0x00000000c2800000, 0x0000000100000000)
  region size 1024K, 1 young (1024K), 1 survivors (1024K)
 Metaspace       used 62023K, committed 62848K, reserved 1114112K
  class space    used 7000K, committed 7424K, reserved 1048576K
}
Event: 49.503 GC heap before
{Heap before GC invocations=52 (full 0):
 garbage-first heap   total 168960K, used 148064K [0x00000000c2800000, 0x0000000100000000)
  region size 1024K, 63 young (64512K), 1 survivors (1024K)
 Metaspace       used 62025K, committed 62848K, reserved 1114112K
  class space    used 7000K, committed 7424K, reserved 1048576K
}
Event: 49.505 GC heap after
{Heap after GC invocations=53 (full 0):
 garbage-first heap   total 168960K, used 84423K [0x00000000c2800000, 0x0000000100000000)
  region size 1024K, 1 young (1024K), 1 survivors (1024K)
 Metaspace       used 62025K, committed 62848K, reserved 1114112K
  class space    used 7000K, committed 7424K, reserved 1048576K
}
Event: 49.531 GC heap before
{Heap before GC invocations=53 (full 0):
 garbage-first heap   total 168960K, used 91591K [0x00000000c2800000, 0x0000000100000000)
  region size 1024K, 8 young (8192K), 1 survivors (1024K)
 Metaspace       used 62025K, committed 62848K, reserved 1114112K
  class space    used 7000K, committed 7424K, reserved 1048576K
}
Event: 49.538 GC heap after
{Heap after GC invocations=54 (full 0):
 garbage-first heap   total 168960K, used 84310K [0x00000000c2800000, 0x0000000100000000)
  region size 1024K, 1 young (1024K), 1 survivors (1024K)
 Metaspace       used 62025K, committed 62848K, reserved 1114112K
  class space    used 7000K, committed 7424K, reserved 1048576K
}
Event: 49.868 GC heap before
{Heap before GC invocations=54 (full 0):
 garbage-first heap   total 168960K, used 148822K [0x00000000c2800000, 0x0000000100000000)
  region size 1024K, 64 young (65536K), 1 survivors (1024K)
 Metaspace       used 62029K, committed 62848K, reserved 1114112K
  class space    used 7000K, committed 7424K, reserved 1048576K
}
Event: 49.869 GC heap after
{Heap after GC invocations=55 (full 0):
 garbage-first heap   total 168960K, used 84148K [0x00000000c2800000, 0x0000000100000000)
  region size 1024K, 1 young (1024K), 1 survivors (1024K)
 Metaspace       used 62029K, committed 62848K, reserved 1114112K
  class space    used 7000K, committed 7424K, reserved 1048576K
}
Event: 50.337 GC heap before
{Heap before GC invocations=55 (full 0):
 garbage-first heap   total 168960K, used 148660K [0x00000000c2800000, 0x0000000100000000)
  region size 1024K, 64 young (65536K), 1 survivors (1024K)
 Metaspace       used 62053K, committed 62912K, reserved 1114112K
  class space    used 7000K, committed 7424K, reserved 1048576K
}
Event: 50.339 GC heap after
{Heap after GC invocations=56 (full 0):
 garbage-first heap   total 168960K, used 84177K [0x00000000c2800000, 0x0000000100000000)
  region size 1024K, 1 young (1024K), 1 survivors (1024K)
 Metaspace       used 62053K, committed 62912K, reserved 1114112K
  class space    used 7000K, committed 7424K, reserved 1048576K
}
Event: 50.769 GC heap before
{Heap before GC invocations=56 (full 0):
 garbage-first heap   total 168960K, used 149713K [0x00000000c2800000, 0x0000000100000000)
  region size 1024K, 65 young (66560K), 1 survivors (1024K)
 Metaspace       used 62066K, committed 62912K, reserved 1114112K
  class space    used 7000K, committed 7424K, reserved 1048576K
}
Event: 50.772 GC heap after
{Heap after GC invocations=57 (full 0):
 garbage-first heap   total 168960K, used 84392K [0x00000000c2800000, 0x0000000100000000)
  region size 1024K, 1 young (1024K), 1 survivors (1024K)
 Metaspace       used 62066K, committed 62912K, reserved 1114112K
  class space    used 7000K, committed 7424K, reserved 1048576K
}

