# JRE version: Java(TM) SE Runtime Environment (18.0.2.1+1) (build 18.0.2.1+1-1)
# Java VM: Java HotSpot(TM) 64-Bit Server VM (18.0.2.1+1-1, mixed mode, sharing, tiered, compressed oops, compressed class ptrs, g1 gc, windows-amd64)
GC Precious Log:
 CardTable entry size: 512
 Card Set container configuration: InlinePtr #cards 5 size 8 Array Of Cards #cards 12 size 40 Howl #buckets 4 coarsen threshold 1843 Howl Bitmap #cards 512 size 80 coarsen threshold 460 Card regions per heap region 1 cards per card region 2048
 CPUs: 4 total, 4 available
 Memory: 3930M
 Large Page Support: Disabled
 NUMA Support: Disabled
 Compressed Oops: Enabled (32-bit)
 Heap Region Size: 1M
 Heap Min Capacity: 8M
 Heap Initial Capacity: 62M
 Heap Max Capacity: 984M
 Pre-touch: Disabled
 Parallel Workers: 4
 Concurrent Workers: 1
 Concurrent Refinement Workers: 4
 Periodic GC: Disabled
Heap:
 garbage-first heap   total 63488K, used 37157K [0x00000000c2800000, 0x0000000100000000)
  region size 1024K, 11 young (11264K), 2 survivors (2048K)
 Metaspace       used 36679K, committed 37376K, reserved 1114112K
  class space    used 4565K, committed 4928K, reserved 1048576K
GC Heap History (18 events):
Event: 2.124 GC heap before
{Heap before GC invocations=0 (full 0):
 garbage-first heap   total 63488K, used 16384K [0x00000000c2800000, 0x0000000100000000)
  region size 1024K, 13 young (13312K), 0 survivors (0K)
 Metaspace       used 3908K, committed 4096K, reserved 1114112K
  class space    used 317K, committed 384K, reserved 1048576K
}
Event: 2.170 GC heap after
{Heap after GC invocations=1 (full 0):
 garbage-first heap   total 63488K, used 5256K [0x00000000c2800000, 0x0000000100000000)
  region size 1024K, 2 young (2048K), 2 survivors (2048K)
 Metaspace       used 3908K, committed 4096K, reserved 1114112K
  class space    used 317K, committed 384K, reserved 1048576K
}
Event: 4.516 GC heap before
{Heap before GC invocations=1 (full 0):
 garbage-first heap   total 63488K, used 21640K [0x00000000c2800000, 0x0000000100000000)
  region size 1024K, 18 young (18432K), 2 survivors (2048K)
 Metaspace       used 7859K, committed 8000K, reserved 1114112K
  class space    used 806K, committed 896K, reserved 1048576K
}
Event: 4.525 GC heap after
{Heap after GC invocations=2 (full 0):
 garbage-first heap   total 63488K, used 6842K [0x00000000c2800000, 0x0000000100000000)
  region size 1024K, 2 young (2048K), 2 survivors (2048K)
 Metaspace       used 7859K, committed 8000K, reserved 1114112K
  class space    used 806K, committed 896K, reserved 1048576K
}
Event: 8.539 GC heap before
{Heap before GC invocations=2 (full 0):
 garbage-first heap   total 63488K, used 43706K [0x00000000c2800000, 0x0000000100000000)
  region size 1024K, 36 young (36864K), 2 survivors (2048K)
 Metaspace       used 16195K, committed 16448K, reserved 1114112K
  class space    used 1818K, committed 1920K, reserved 1048576K
}
Event: 8.559 GC heap after
{Heap after GC invocations=3 (full 0):
 garbage-first heap   total 63488K, used 15678K [0x00000000c2800000, 0x0000000100000000)
  region size 1024K, 5 young (5120K), 5 survivors (5120K)
 Metaspace       used 16195K, committed 16448K, reserved 1114112K
  class space    used 1818K, committed 1920K, reserved 1048576K
}
Event: 10.319 GC heap before
{Heap before GC invocations=3 (full 0):
 garbage-first heap   total 63488K, used 33086K [0x00000000c2800000, 0x0000000100000000)
  region size 1024K, 23 young (23552K), 5 survivors (5120K)
 Metaspace       used 21245K, committed 21504K, reserved 1114112K
  class space    used 2708K, committed 2816K, reserved 1048576K
}
Event: 10.341 GC heap after
{Heap after GC invocations=4 (full 0):
 garbage-first heap   total 63488K, used 19591K [0x00000000c2800000, 0x0000000100000000)
  region size 1024K, 4 young (4096K), 4 survivors (4096K)
 Metaspace       used 21245K, committed 21504K, reserved 1114112K
  class space    used 2708K, committed 2816K, reserved 1048576K
}
Event: 13.885 GC heap before
{Heap before GC invocations=5 (full 0):
 garbage-first heap   total 63488K, used 42119K [0x00000000c2800000, 0x0000000100000000)
  region size 1024K, 24 young (24576K), 4 survivors (4096K)
 Metaspace       used 23797K, committed 24064K, reserved 1114112K
  class space    used 3196K, committed 3328K, reserved 1048576K
}
Event: 13.901 GC heap after
{Heap after GC invocations=6 (full 0):
 garbage-first heap   total 63488K, used 26016K [0x00000000c2800000, 0x0000000100000000)
  region size 1024K, 3 young (3072K), 3 survivors (3072K)
 Metaspace       used 23797K, committed 24064K, reserved 1114112K
  class space    used 3196K, committed 3328K, reserved 1048576K
}
Event: 15.735 GC heap before
{Heap before GC invocations=6 (full 0):
 garbage-first heap   total 63488K, used 43424K [0x00000000c2800000, 0x0000000100000000)
  region size 1024K, 20 young (20480K), 3 survivors (3072K)
 Metaspace       used 27629K, committed 27968K, reserved 1114112K
  class space    used 3615K, committed 3776K, reserved 1048576K
}
Event: 15.747 GC heap after
{Heap after GC invocations=7 (full 0):
 garbage-first heap   total 63488K, used 25905K [0x00000000c2800000, 0x0000000100000000)
  region size 1024K, 3 young (3072K), 3 survivors (3072K)
 Metaspace       used 27629K, committed 27968K, reserved 1114112K
  class space    used 3615K, committed 3776K, reserved 1048576K
}
Event: 16.749 GC heap before
{Heap before GC invocations=7 (full 0):
 garbage-first heap   total 63488K, used 44337K [0x00000000c2800000, 0x0000000100000000)
  region size 1024K, 21 young (21504K), 3 survivors (3072K)
 Metaspace       used 31286K, committed 31552K, reserved 1114112K
  class space    used 3915K, committed 4032K, reserved 1048576K
}
Event: 16.759 GC heap after
{Heap after GC invocations=8 (full 0):
 garbage-first heap   total 63488K, used 28180K [0x00000000c2800000, 0x0000000100000000)
  region size 1024K, 3 young (3072K), 3 survivors (3072K)
 Metaspace       used 31286K, committed 31552K, reserved 1114112K
  class space    used 3915K, committed 4032K, reserved 1048576K
}
Event: 18.367 GC heap before
{Heap before GC invocations=8 (full 0):
 garbage-first heap   total 63488K, used 45588K [0x00000000c2800000, 0x0000000100000000)
  region size 1024K, 20 young (20480K), 3 survivors (3072K)
 Metaspace       used 33590K, committed 34176K, reserved 1114112K
  class space    used 4234K, committed 4544K, reserved 1048576K
}
Event: 18.376 GC heap after
{Heap after GC invocations=9 (full 0):
 garbage-first heap   total 63488K, used 29706K [0x00000000c2800000, 0x0000000100000000)
  region size 1024K, 2 young (2048K), 2 survivors (2048K)
 Metaspace       used 33590K, committed 34176K, reserved 1114112K
  class space    used 4234K, committed 4544K, reserved 1048576K
}
Event: 18.795 GC heap before
{Heap before GC invocations=9 (full 0):
 garbage-first heap   total 63488K, used 36874K [0x00000000c2800000, 0x0000000100000000)
  region size 1024K, 10 young (10240K), 2 survivors (2048K)
 Metaspace       used 35284K, committed 35968K, reserved 1114112K
  class space    used 4457K, committed 4800K, reserved 1048576K
}
Event: 18.802 GC heap after
{Heap after GC invocations=10 (full 0):
 garbage-first heap   total 63488K, used 29989K [0x00000000c2800000, 0x0000000100000000)
  region size 1024K, 2 young (2048K), 2 survivors (2048K)
 Metaspace       used 35284K, committed 35968K, reserved 1114112K
  class space    used 4457K, committed 4800K, reserved 1048576K
}

